22Y-01-11 00:05:57 info: POST /api/getAuthNumber 200 60 - 2.027 ms
22Y-01-11 01:07:44 info: POST /api/getAuthNumber 200 60 - 1.030 ms
22Y-01-11 01:18:21 info: 5000포트 연결!!
22Y-01-11 01:18:21 info: redis 연결
22Y-01-11 01:18:22 info: pg 연결 !!
22Y-01-11 01:18:26 info: GET /main.01aca7fe125018a49e9e.hot-update.json 404 180 - 2.681 ms
22Y-01-11 01:18:47 info: POST /api/getAuthNumber 200 60 - 24.709 ms
22Y-01-11 01:31:02 info: POST /api/getAuthNumber 200 60 - 1.652 ms
22Y-01-11 02:11:57 info: 5000포트 연결!!
22Y-01-11 02:11:57 info: redis 연결
22Y-01-11 02:11:58 info: pg 연결 !!
22Y-01-11 02:12:25 info: 5000포트 연결!!
22Y-01-11 02:12:25 info: redis 연결
22Y-01-11 02:12:25 info: pg 연결 !!
22Y-01-11 02:15:27 info: 5000포트 연결!!
22Y-01-11 02:15:27 info: redis 연결
22Y-01-11 02:15:27 info: pg 연결 !!
22Y-01-11 02:16:21 info: 5000포트 연결!!
22Y-01-11 02:16:21 info: redis 연결
22Y-01-11 02:16:21 info: pg 연결 !!
22Y-01-11 02:16:45 info: 5000포트 연결!!
22Y-01-11 02:16:45 info: redis 연결
22Y-01-11 02:16:45 info: pg 연결 !!
22Y-01-11 02:21:03 info: 5000포트 연결!!
22Y-01-11 02:21:03 info: redis 연결
22Y-01-11 02:21:04 info: pg 연결 !!
22Y-01-11 02:22:00 info: 5000포트 연결!!
22Y-01-11 02:22:00 info: redis 연결
22Y-01-11 02:22:00 info: pg 연결 !!
22Y-01-11 02:22:08 info: 5000포트 연결!!
22Y-01-11 02:22:08 info: redis 연결
22Y-01-11 02:22:08 info: pg 연결 !!
22Y-01-11 02:23:21 info: 5000포트 연결!!
22Y-01-11 02:23:21 info: redis 연결
22Y-01-11 02:23:21 info: pg 연결 !!
22Y-01-11 02:23:31 info: 5000포트 연결!!
22Y-01-11 02:23:31 info: redis 연결
22Y-01-11 02:23:31 info: pg 연결 !!
22Y-01-11 02:41:23 info: 5000포트 연결!!
22Y-01-11 02:41:23 info: redis 연결
22Y-01-11 02:41:23 info: pg 연결 !!
22Y-01-11 02:42:18 info: 5000포트 연결!!
22Y-01-11 02:42:18 info: redis 연결
22Y-01-11 02:42:18 info: pg 연결 !!
22Y-01-11 02:42:38 info: 5000포트 연결!!
22Y-01-11 02:42:38 info: redis 연결
22Y-01-11 02:42:38 info: pg 연결 !!
22Y-01-11 03:08:09 info: 5000포트 연결!!
22Y-01-11 03:08:09 info: redis 연결
22Y-01-11 03:08:10 info: pg 연결 !!
22Y-01-11 03:08:57 info: 5000포트 연결!!
22Y-01-11 03:08:57 info: redis 연결
22Y-01-11 03:08:57 info: pg 연결 !!
22Y-01-11 04:02:21 info: 5000포트 연결!!
22Y-01-11 04:02:22 info: redis 연결
22Y-01-11 04:02:22 info: pg 연결 !!
22Y-01-11 04:02:58 error: 인증메일 보내기 실패하였습니다.
22Y-01-11 04:02:58 info: POST /api/getCode 500 74 - 26.400 ms
22Y-01-11 04:05:02 info: 5000포트 연결!!
22Y-01-11 04:05:02 info: redis 연결
22Y-01-11 04:05:02 info: pg 연결 !!
22Y-01-11 04:05:05 error: 인증메일 보내기 실패하였습니다.
22Y-01-11 04:05:05 info: POST /api/getCode 500 74 - 22.005 ms
22Y-01-11 04:05:17 info: 5000포트 연결!!
22Y-01-11 04:05:17 info: redis 연결
22Y-01-11 04:05:17 info: pg 연결 !!
22Y-01-11 04:05:25 info: 5000포트 연결!!
22Y-01-11 04:05:25 info: redis 연결
22Y-01-11 04:05:25 info: pg 연결 !!
22Y-01-11 04:05:29 error: 인증메일 보내기 실패하였습니다.
22Y-01-11 04:05:29 info: POST /api/getCode 500 74 - 21.465 ms
22Y-01-11 04:07:02 info: 5000포트 연결!!
22Y-01-11 04:07:02 info: redis 연결
22Y-01-11 04:07:02 info: pg 연결 !!
22Y-01-11 04:07:06 info: POST /api/getCode 200 60 - 22.547 ms
22Y-01-11 04:49:07 info: 5000포트 연결!!
22Y-01-11 04:49:07 info: redis 연결
22Y-01-11 04:49:07 info: pg 연결 !!
22Y-01-11 04:49:44 info: 5000포트 연결!!
22Y-01-11 04:49:44 info: redis 연결
22Y-01-11 04:49:45 info: pg 연결 !!
22Y-01-11 04:50:03 info: 5000포트 연결!!
22Y-01-11 04:50:03 info: redis 연결
22Y-01-11 04:50:03 info: pg 연결 !!
22Y-01-11 04:51:55 info: 5000포트 연결!!
22Y-01-11 04:51:55 info: redis 연결
22Y-01-11 04:51:55 info: pg 연결 !!
22Y-01-11 04:54:41 info: 5000포트 연결!!
22Y-01-11 04:54:41 info: redis 연결
22Y-01-11 04:54:41 info: pg 연결 !!
22Y-01-11 04:55:26 info: 5000포트 연결!!
22Y-01-11 04:55:26 info: redis 연결
22Y-01-11 04:55:26 info: pg 연결 !!
22Y-01-11 04:58:45 info: 5000포트 연결!!
22Y-01-11 04:58:45 info: redis 연결
22Y-01-11 04:58:45 info: pg 연결 !!
22Y-01-11 05:00:04 info: 5000포트 연결!!
22Y-01-11 05:00:04 info: redis 연결
22Y-01-11 05:00:05 info: pg 연결 !!
22Y-01-11 05:00:41 info: 5000포트 연결!!
22Y-01-11 05:00:41 info: redis 연결
22Y-01-11 05:00:41 info: pg 연결 !!
22Y-01-11 05:02:05 info: 5000포트 연결!!
22Y-01-11 05:02:05 info: redis 연결
22Y-01-11 05:02:05 info: pg 연결 !!
22Y-01-11 05:02:14 info: 5000포트 연결!!
22Y-01-11 05:02:14 info: redis 연결
22Y-01-11 05:02:14 info: pg 연결 !!
22Y-01-11 05:02:42 info: 5000포트 연결!!
22Y-01-11 05:02:42 info: redis 연결
22Y-01-11 05:02:42 info: pg 연결 !!
22Y-01-11 05:04:16 info: 5000포트 연결!!
22Y-01-11 05:04:16 info: redis 연결
22Y-01-11 05:04:16 info: pg 연결 !!
22Y-01-11 05:04:50 info: 5000포트 연결!!
22Y-01-11 05:04:50 info: redis 연결
22Y-01-11 05:04:50 info: pg 연결 !!
22Y-01-11 05:19:00 info: 5000포트 연결!!
22Y-01-11 05:19:00 info: redis 연결
22Y-01-11 05:19:00 info: pg 연결 !!
22Y-01-11 05:19:21 info: 5000포트 연결!!
22Y-01-11 05:19:21 info: redis 연결
22Y-01-11 05:19:21 info: pg 연결 !!
22Y-01-11 05:20:43 info: 5000포트 연결!!
22Y-01-11 05:20:43 info: redis 연결
22Y-01-11 05:20:43 info: pg 연결 !!
22Y-01-11 05:22:25 info: 5000포트 연결!!
22Y-01-11 05:22:25 info: redis 연결
22Y-01-11 05:22:25 info: pg 연결 !!
22Y-01-11 05:23:27 info: 5000포트 연결!!
22Y-01-11 05:23:27 info: redis 연결
22Y-01-11 05:23:27 info: pg 연결 !!
22Y-01-11 05:27:45 info: 5000포트 연결!!
22Y-01-11 05:27:45 info: redis 연결
22Y-01-11 05:27:45 info: pg 연결 !!
22Y-01-11 05:28:19 info: 5000포트 연결!!
22Y-01-11 05:28:19 info: redis 연결
22Y-01-11 05:28:19 info: pg 연결 !!
22Y-01-11 05:28:40 info: 5000포트 연결!!
22Y-01-11 05:28:40 info: redis 연결
22Y-01-11 05:28:40 info: pg 연결 !!
22Y-01-11 05:29:23 info: 5000포트 연결!!
22Y-01-11 05:29:23 info: redis 연결
22Y-01-11 05:29:23 info: pg 연결 !!
22Y-01-11 05:29:39 info: 5000포트 연결!!
22Y-01-11 05:29:39 info: redis 연결
22Y-01-11 05:29:39 info: pg 연결 !!
22Y-01-11 05:29:50 info: 5000포트 연결!!
22Y-01-11 05:29:50 info: redis 연결
22Y-01-11 05:29:50 info: pg 연결 !!
22Y-01-11 05:33:57 info: 5000포트 연결!!
22Y-01-11 05:33:57 info: redis 연결
22Y-01-11 05:33:57 info: pg 연결 !!
22Y-01-11 05:34:37 info: 5000포트 연결!!
22Y-01-11 05:34:37 info: redis 연결
22Y-01-11 05:34:37 info: pg 연결 !!
22Y-01-11 06:06:59 info: 5000포트 연결!!
22Y-01-11 06:06:59 info: redis 연결
22Y-01-11 06:06:59 info: pg 연결 !!
22Y-01-11 06:13:07 error: 회원가입 에러: 
22Y-01-11 06:13:07 info: POST /api/register 500 48 - 23.439 ms
22Y-01-11 06:14:37 info: 5000포트 연결!!
22Y-01-11 06:14:37 info: redis 연결
22Y-01-11 06:14:37 info: pg 연결 !!
22Y-01-11 06:14:42 error: 회원가입 에러: 
22Y-01-11 06:14:42 info: POST /api/register 500 48 - 19.520 ms
22Y-01-11 06:15:13 info: 5000포트 연결!!
22Y-01-11 06:15:13 info: redis 연결
22Y-01-11 06:15:14 info: pg 연결 !!
22Y-01-11 06:15:30 error: 회원가입 에러: 
22Y-01-11 06:15:30 info: POST /api/register 500 48 - 20.645 ms
22Y-01-11 06:15:49 info: 5000포트 연결!!
22Y-01-11 06:15:49 info: redis 연결
22Y-01-11 06:15:50 info: pg 연결 !!
22Y-01-11 06:15:53 error: 회원가입 에러:  No repository for "User" was found. Looks like this entity is not registered in current "default" connection?
22Y-01-11 06:15:53 info: POST /api/register 500 48 - 36.240 ms
22Y-01-11 06:17:29 info: 5000포트 연결!!
22Y-01-11 06:17:29 info: redis 연결
22Y-01-11 06:17:29 info: pg 연결 !!
22Y-01-11 06:17:32 error: 회원가입 에러:  The first argument must be of type string or an instance of Buffer, ArrayBuffer, or Array or an Array-like Object. Received undefined
22Y-01-11 06:17:32 info: POST /api/register 500 48 - 27.988 ms
22Y-01-11 06:19:04 info: 5000포트 연결!!
22Y-01-11 06:19:04 info: redis 연결
22Y-01-11 06:19:04 info: pg 연결 !!
22Y-01-11 06:19:17 error: 회원가입 에러:  The first argument must be of type string or an instance of Buffer, ArrayBuffer, or Array or an Array-like Object. Received undefined
22Y-01-11 06:19:17 info: POST /api/register 500 48 - 94.126 ms
22Y-01-11 06:20:17 info: 5000포트 연결!!
22Y-01-11 06:20:17 info: redis 연결
22Y-01-11 06:20:17 info: pg 연결 !!
22Y-01-11 06:20:34 error: 회원가입 에러:  The first argument must be of type string or an instance of Buffer, ArrayBuffer, or Array or an Array-like Object. Received undefined
22Y-01-11 06:20:34 info: POST /api/register 500 48 - 95.414 ms
22Y-01-11 06:21:54 info: 5000포트 연결!!
22Y-01-11 06:21:54 info: redis 연결
22Y-01-11 06:21:54 info: pg 연결 !!
22Y-01-11 06:22:15 error: 회원가입 에러:  The first argument must be of type string or an instance of Buffer, ArrayBuffer, or Array or an Array-like Object. Received undefined
22Y-01-11 06:22:15 info: POST /api/register 500 48 - 96.635 ms
22Y-01-11 06:23:51 info: 5000포트 연결!!
22Y-01-11 06:23:51 info: redis 연결
22Y-01-11 06:23:51 info: pg 연결 !!
22Y-01-11 06:24:07 error: 회원가입 에러:  The first argument must be of type string or an instance of Buffer, ArrayBuffer, or Array or an Array-like Object. Received undefined
22Y-01-11 06:24:07 info: POST /api/register 500 48 - 97.768 ms
22Y-01-11 06:25:33 info: 5000포트 연결!!
22Y-01-11 06:25:33 info: redis 연결
22Y-01-11 06:25:33 info: pg 연결 !!
22Y-01-11 06:25:43 info: 이메일 송신 성공하였습니다.
22Y-01-11 06:25:43 info: 회원가입 되었습니다.
22Y-01-11 06:25:43 info: POST /api/register 200 57 - 516.749 ms
22Y-01-11 16:01:43 info: 5000포트 연결!!
22Y-01-11 16:01:43 error: redis 연결실패
22Y-01-11 16:01:43 error: redis 연결실패
22Y-01-11 16:01:43 error: redis 연결실패
22Y-01-11 16:01:43 info: pg 연결 !!
22Y-01-11 16:01:43 error: redis 연결실패
22Y-01-11 16:01:43 error: redis 연결실패
22Y-01-11 16:01:43 error: redis 연결실패
22Y-01-11 16:01:43 error: redis 연결실패
22Y-01-11 16:01:44 error: redis 연결실패
22Y-01-11 16:01:44 error: redis 연결실패
22Y-01-11 16:01:45 error: redis 연결실패
22Y-01-11 16:01:45 error: redis 연결실패
22Y-01-11 16:01:46 error: redis 연결실패
22Y-01-11 16:01:46 error: redis 연결실패
22Y-01-11 16:03:05 info: 5000포트 연결!!
22Y-01-11 16:03:05 info: redis 연결
22Y-01-11 16:03:05 info: pg 연결 !!
22Y-01-11 16:26:15 info: 이메일 송신 성공하였습니다.
22Y-01-11 16:26:15 info: 회원가입 되었습니다.
22Y-01-11 16:26:15 info: POST /api/register 200 57 - 500.869 ms
22Y-01-11 16:26:53 info: 이메일 인증확인 성공하였습니다.
22Y-01-11 16:26:53 info: GET /api/verifyUser?email=kimwoon11@naver.com 200 390 - 72.361 ms
22Y-01-11 16:26:53 info: GET /favicon.ico 404 150 - 1.642 ms
22Y-01-11 17:30:06 info: 5000포트 연결!!
22Y-01-11 17:30:06 info: redis 연결
22Y-01-11 17:30:06 info: pg 연결 !!
22Y-01-11 17:31:21 info: 5000포트 연결!!
22Y-01-11 17:31:21 info: redis 연결
22Y-01-11 17:31:21 info: pg 연결 !!
22Y-01-11 17:37:31 info: 5000포트 연결!!
22Y-01-11 17:37:31 info: redis 연결
22Y-01-11 17:37:32 info: pg 연결 !!
22Y-01-11 17:37:58 info: 5000포트 연결!!
22Y-01-11 17:37:58 info: redis 연결
22Y-01-11 17:37:58 info: pg 연결 !!
22Y-01-11 17:38:20 info: 5000포트 연결!!
22Y-01-11 17:38:20 info: redis 연결
22Y-01-11 17:38:20 info: pg 연결 !!
22Y-01-11 17:39:50 info: 5000포트 연결!!
22Y-01-11 17:39:50 info: redis 연결
22Y-01-11 17:39:50 info: pg 연결 !!
22Y-01-11 17:42:03 info: 5000포트 연결!!
22Y-01-11 17:42:03 info: redis 연결
22Y-01-11 17:42:03 info: pg 연결 !!
22Y-01-11 17:44:46 info: 이메일 송신 성공하였습니다.
22Y-01-11 17:44:46 info: 회원가입 되었습니다.
22Y-01-11 17:44:46 info: POST /api/register 200 57 - 418.351 ms
22Y-01-11 17:53:16 info: 5000포트 연결!!
22Y-01-11 17:53:16 info: redis 연결
22Y-01-11 17:53:16 info: pg 연결 !!
22Y-01-11 17:53:59 info: 이메일 송신 성공하였습니다.
22Y-01-11 17:53:59 info: 회원가입 되었습니다.
22Y-01-11 17:53:59 info: POST /api/register 200 57 - 461.935 ms
22Y-01-11 17:54:13 info: 이메일 인증확인 성공하였습니다.
22Y-01-11 17:55:05 info: 5000포트 연결!!
22Y-01-11 17:55:05 info: redis 연결
22Y-01-11 17:55:05 info: pg 연결 !!
22Y-01-11 17:55:34 info: 이메일 송신 성공하였습니다.
22Y-01-11 17:55:34 info: 회원가입 되었습니다.
22Y-01-11 17:55:34 info: POST /api/register 200 57 - 470.630 ms
22Y-01-11 17:55:40 info: 이메일 인증확인 성공하였습니다.
22Y-01-11 17:56:48 info: 5000포트 연결!!
22Y-01-11 17:56:48 info: redis 연결
22Y-01-11 17:56:49 info: pg 연결 !!
22Y-01-11 17:56:52 warn: 이미 존재하는 닉네임 입니다.
22Y-01-11 17:56:52 info: POST /api/register 400 68 - 29.787 ms
22Y-01-11 17:57:09 info: 이메일 송신 성공하였습니다.
22Y-01-11 17:57:09 info: 회원가입 되었습니다.
22Y-01-11 17:57:09 info: POST /api/register 200 57 - 460.315 ms
22Y-01-11 17:57:16 info: 이메일 인증확인 성공하였습니다.
22Y-01-11 17:58:51 info: 5000포트 연결!!
22Y-01-11 17:58:51 info: redis 연결
22Y-01-11 17:58:52 info: pg 연결 !!
22Y-01-11 18:01:01 info: 5000포트 연결!!
22Y-01-11 18:01:01 info: redis 연결
22Y-01-11 18:01:02 info: pg 연결 !!
22Y-01-11 18:01:30 info: 이메일 송신 성공하였습니다.
22Y-01-11 18:01:30 info: 회원가입 되었습니다.
22Y-01-11 18:01:30 info: POST /api/register 200 57 - 617.586 ms
22Y-01-11 18:01:38 info: 이메일 인증확인 성공하였습니다.
22Y-01-11 18:03:44 info: 5000포트 연결!!
22Y-01-11 18:03:44 info: redis 연결
22Y-01-11 18:03:44 info: pg 연결 !!
22Y-01-11 18:05:29 info: 5000포트 연결!!
22Y-01-11 18:05:29 info: redis 연결
22Y-01-11 18:05:29 info: pg 연결 !!
22Y-01-11 18:19:32 info: 5000포트 연결!!
22Y-01-11 18:19:32 info: redis 연결
22Y-01-11 18:19:32 info: pg 연결 !!
22Y-01-11 18:21:13 info: 이메일 송신 성공하였습니다.
22Y-01-11 18:21:13 info: 회원가입 되었습니다.
22Y-01-11 18:21:13 info: POST /api/register 200 57 - 598.795 ms
22Y-01-11 18:21:23 info: 이메일 인증확인 성공하였습니다.
22Y-01-11 18:21:23 info: GET /api/verifyUser?email=kimwoon11@naver.com 302 86 - 73.758 ms
22Y-01-11 18:23:09 info: 5000포트 연결!!
22Y-01-11 18:23:09 info: redis 연결
22Y-01-11 18:23:09 info: pg 연결 !!
22Y-01-11 18:29:02 info: 5000포트 연결!!
22Y-01-11 18:29:02 info: redis 연결
22Y-01-11 18:29:02 info: pg 연결 !!
22Y-01-11 18:30:13 info: 5000포트 연결!!
22Y-01-11 18:30:13 info: redis 연결
22Y-01-11 18:30:14 info: pg 연결 !!
22Y-01-11 18:30:48 info: 5000포트 연결!!
22Y-01-11 18:30:48 info: redis 연결
22Y-01-11 18:30:48 info: pg 연결 !!
22Y-01-11 18:31:14 info: 5000포트 연결!!
22Y-01-11 18:31:14 info: redis 연결
22Y-01-11 18:31:14 info: pg 연결 !!
22Y-01-11 18:32:28 info: 5000포트 연결!!
22Y-01-11 18:32:28 info: redis 연결
22Y-01-11 18:32:28 info: pg 연결 !!
22Y-01-11 18:32:48 info: 이메일 송신 성공하였습니다.
22Y-01-11 18:32:48 info: 회원가입 되었습니다.
22Y-01-11 18:32:48 info: POST /api/register 200 57 - 456.510 ms
22Y-01-11 18:32:56 info: 이메일 인증확인 성공하였습니다.
22Y-01-11 18:32:56 info: GET /api/verifyUser?email=kimwoon11@naver.com 302 86 - 12.870 ms
22Y-01-11 18:34:44 info: 5000포트 연결!!
22Y-01-11 18:34:44 info: redis 연결
22Y-01-11 18:34:44 info: pg 연결 !!
22Y-01-11 18:35:13 info: 5000포트 연결!!
22Y-01-11 18:35:13 info: redis 연결
22Y-01-11 18:35:13 info: pg 연결 !!
22Y-01-11 18:36:01 info: 5000포트 연결!!
22Y-01-11 18:36:01 info: redis 연결
22Y-01-11 18:36:02 info: pg 연결 !!
22Y-01-11 18:58:58 info: 로그인 되었습니다.
22Y-01-11 18:58:58 info: POST /api/login 200 371 - 106.987 ms
22Y-01-11 19:02:02 info: 로그인 되었습니다.
22Y-01-11 19:02:02 info: POST /api/login 200 371 - 70.777 ms
22Y-01-11 19:04:53 info: 5000포트 연결!!
22Y-01-11 19:04:53 info: redis 연결
22Y-01-11 19:04:53 info: pg 연결 !!
22Y-01-11 19:09:44 info: 5000포트 연결!!
22Y-01-11 19:09:44 info: redis 연결
22Y-01-11 19:09:44 info: pg 연결 !!
22Y-01-11 19:12:51 error: 회원가입 에러:  중복된 키 값이 "UQ_e12875dfb3b1d92d7d7c5377e22" 고유 제약 조건을 위반함
22Y-01-11 19:12:51 info: POST /api/register 500 48 - 120.823 ms
22Y-01-11 19:14:40 info: 5000포트 연결!!
22Y-01-11 19:14:40 info: redis 연결
22Y-01-11 19:14:40 info: pg 연결 !!
